
Cadence Innovus(TM) Implementation System.
Copyright 2017 Cadence Design Systems, Inc. All rights reserved worldwide.

Version:	v17.11-s080_1, built Fri Aug 4 11:13:11 PDT 2017
Options:	-files ../tcl/par2.tcl 
Date:		Fri Dec  3 11:49:45 2021
Host:		ce-epo3-cad.ewi.tudelft.nl (x86_64 w/Linux 3.10.0-1160.42.2.el7.x86_64) (1core*8cpus*Intel(R) Xeon(R) Gold 6248 CPU @ 2.50GHz 28160KB)
OS:		Red Hat Enterprise Linux Server release 7.9 (Maipo)

License:
		invs	Innovus Implementation System	17.1	checkout succeeded
		8 CPU jobs allowed with the current license(s). Use setMultiCpuUsage to set your required CPU count.
Change the soft stacksize limit to 0.2%RAM (31 mbytes). Set global soft_stack_size_limit to change the value.

**INFO:  MMMC transition support version v31-84 

<CMD> set_global _enable_mmmc_by_default_flow      $CTE::mmmc_default
<CMD> suppressMessage ENCEXT-2799
<CMD> getDrawView
<CMD> loadWorkspace -name Physical
Sourcing file "../tcl/par2.tcl" ...
<CMD> setPreference CmdLogMode 2
<CMD> set init_lef_file /data/designkit/tsmc-180nm/lib/TSMCHOME/digital/Back_End/lef/tcb018gbwp7t_270a/lef/tcb018gbwp7t_6lm.lef
<CMD> set init_mmmc_file ../in/mmmc.view
<CMD> set init_verilog ../in/top.v
<CMD> set init_top_cell memory_cntrll
<CMD> set init_gnd_net dgnd
<CMD> set init_pwr_net dvdd
<CMD> suppressMessage TECHLIB IMPLF IMPVL IMPFP IMPCTE IMPRM IMPSP IMPCTE NRDB IMPEXT
<CMD> encMessage info 0
rc_bc rc_wc
**WARN: (EMS-42):	Message (IMPLF-1) has been suppressed from output.
**WARN: (EMS-42):	Message (IMPLF-99) has been suppressed from output.
**WARN: (EMS-42):	Message (IMPLF-200) has been suppressed from output.
Loading view definition file from ../in/mmmc.view
*** End library_loading (cpu=0.04min, real=0.03min, mem=28.7M, fe_cpu=0.23min, fe_real=0.23min, fe_mem=520.0M) ***
**WARN: (EMS-42):	Message (IMPVL-159) has been suppressed from output.
**WARN: (EMS-42):	Message (IMPVL-148) has been suppressed from output.
**WARN: (EMS-42):	Message (IMPVL-101) has been suppressed from output.
**WARN: (EMS-42):	Message (IMPVL-106) has been suppressed from output.
**WARN: (IMPECO-560):	The netlist is not unique, because the module 'countextend' is instantiated multiple times. Make the netlist unique by running 'set init_design_uniquify 1' before loading the design to avoid the problem.
**WARN: (IMPECO-560):	The netlist is not unique, because the module 'counter5b' is instantiated multiple times. Make the netlist unique by running 'set init_design_uniquify 1' before loading the design to avoid the problem.
*** Netlist is NOT unique.
**WARN: (EMS-42):	Message (IMPFP-3961) has been suppressed from output.
**WARN: (EMS-42):	Message (IMPRM-144) has been suppressed from output.
memory_cntrll
**WARN: (TCLNL-330):	set_input_delay on clock root 'clk' is not supported. You should use the -source option to set_clock_latency to provide this offset. You can also use the global timing_allow_input_delay_on_clock_source to allow set_input_delay assertion to have an effect on clock source paths beginning at this clock root. (File ../in/top.sdc, Line 50).

**WARN: (EMS-42):	Message (IMPCTE-290) has been suppressed from output.
**WARN: (EMS-42):	Message (IMPEXT-2658) has been suppressed from output.
**WARN: (EMS-42):	Message (IMPEXT-2706) has been suppressed from output.
**WARN: (EMS-42):	Message (IMPEXT-2663) has been suppressed from output.
**WARN: (EMS-42):	Message (IMPEXT-2664) has been suppressed from output.
**WARN: (EMS-42):	Message (IMPEXT-2606) has been suppressed from output.
**WARN: (EMS-42):	Message (IMPEXT-2666) has been suppressed from output.
**WARN: (EMS-42):	Message (IMPEXT-2667) has been suppressed from output.
**WARN: (EMS-42):	Message (IMPEXT-2668) has been suppressed from output.
**WARN: (EMS-42):	Message (IMPEXT-2669) has been suppressed from output.
**WARN: (EMS-42):	Message (IMPEXT-2670) has been suppressed from output.
**WARN: (EMS-42):	Message (IMPEXT-2671) has been suppressed from output.
**WARN: (EMS-42):	Message (IMPEXT-2672) has been suppressed from output.
**WARN: (EMS-42):	Message (IMPEXT-2673) has been suppressed from output.
**WARN: (EMS-42):	Message (IMPEXT-2674) has been suppressed from output.
**WARN: (EMS-42):	Message (IMPEXT-6162) has been suppressed from output.
**WARN: (EMS-42):	Message (IMPEXT-3307) has been suppressed from output.
**WARN: (EMS-42):	Message (IMPEXT-1001) has been suppressed from output.
**WARN: (EMS-42):	Message (IMPEXT-6161) has been suppressed from output.
**WARN: (EMS-42):	Message (IMPEXT-2675) has been suppressed from output.
**WARN: (EMS-42):	Message (IMPEXT-1010) has been suppressed from output.
**WARN: (EMS-42):	Message (IMPEXT-6163) has been suppressed from output.
**WARN: (EMS-42):	Message (IMPEXT-3345) has been suppressed from output.
**WARN: (EMS-42):	Message (IMPEXT-2828) has been suppressed from output.
**WARN: (EMS-42):	Message (IMPEXT-2832) has been suppressed from output.
**WARN: (EMS-42):	Message (IMPRM-148) has been suppressed from output.
**WARN: (EMS-42):	Message (IMPRM-143) has been suppressed from output.
**WARN: (EMS-42):	Message (IMPFP-325) has been suppressed from output.
**WARN: (EMS-42):	Message (IMPSP-5134) has been suppressed from output.
**WARN: (IMPPTN-1235):	Cannot find pin rst on partition memory_cntrll
**ERROR: (IMPPTN-963):	Either specified pin name for the selected partition does not exist or has status 'cover'. Specify the pin or the list of pins correctly and run the command again.
**ERROR: (IMPSYT-6692):	Invalid return code while executing '../tcl/par2.tcl' was returned and script processing was stopped. Review the following error in '../tcl/par2.tcl' then restart.
Error info: ../tcl/par2.tcl: 
    while executing
"editPin -pin rst -layer 2 -fixedPin -assign {21.42 0} -side TOP"
    (file "../in/pins.tcl" line 2)
    invoked from within
"::se_source_orig ../in/pins.tcl"
    ("uplevel" body line 1)
    invoked from within
"uplevel [concat ::se_source_orig $args]"
    (procedure "source" line 156)
    invoked from within
"source ../in/pins.tcl"
    (file "../tcl/par2.tcl" line 22)
    invoked from within
"::se_source_orig ../tcl/par2.tcl"
    ("uplevel" body line 1)
    invoked from within
"uplevel [concat ::se_source_orig $args]"
    (procedure "source" line 156)
    invoked from within
"source ../tcl/par2.tcl"
    ("uplevel" body line 1)
    invoked from within
"uplevel #0 source ../tcl/par2.tcl"
    ("eval" body line 1)
    invoked from within
"eval {uplevel #0 source ../tcl/par2.tcl}"
    (in namespace inscope "::" script line 1)
    invoked from within
"namespace inscope :: eval "uplevel #0 source $fileName"".
