Cadence Genus(TM) Synthesis Solution.
Copyright 2017 Cadence Design Systems, Inc. All rights reserved worldwide.
Cadence and the Cadence logo are registered trademarks and Genus is a trademark
of Cadence Design Systems, Inc. in the United States and other countries.

Version: 17.11-s014_1, built Mon Oct 09 2017
Options: -files ../tcl/syn2.tcl 
Date:    Fri Dec 03 10:33:38 2021
Host:    ce-epo3-cad.ewi.tudelft.nl (x86_64 w/Linux 3.10.0-1160.42.2.el7.x86_64) (1core*8cpus*15physical cpus*Intel(R) Xeon(R) Gold 6248 CPU @ 2.50GHz 28160KB) (16247588KB)
OS:      Red Hat Enterprise Linux Server release 7.9 (Maipo)

Checking out license: Genus_Synthesis

Loading tool scripts...
Finished loading tool scripts (9 seconds elapsed).

#@ Processing -files option
@genus 1> source ../tcl/syn2.tcl
#@ Begin verbose source tcl/syn2.tcl
@file(syn2.tcl) 6: set_db lib_search_path /data/designkit/tsmc-180nm/lib/TSMCHOME/digital/Front_End/timing_power_noise/NLDM/tcb018gbwp7t_270a/
  Setting attribute of root '/': 'lib_search_path' = /data/designkit/tsmc-180nm/lib/TSMCHOME/digital/Front_End/timing_power_noise/NLDM/tcb018gbwp7t_270a/
@file(syn2.tcl) 7: set_db init_hdl_search_path ../../../VHDL/
  Setting attribute of root '/': 'init_hdl_search_path' = ../../../VHDL/
@file(syn2.tcl) 8: set_db library {tcb018gbwp7twc.lib}

  Message Summary for Library tcb018gbwp7twc.lib:
  ***********************************************
  Could not find an attribute in the library. [LBR-436]: 633
  Missing a function attribute in the output pin definition. [LBR-518]: 1
  An unsupported construct was detected in this library. [LBR-40]: 1
  ***********************************************
 
Info    : Created nominal operating condition. [LBR-412]
        : Operating condition '_nominal_' was created for the PVT values (1.000000, 1.620000, 125.000000) in library 'tcb018gbwp7twc.lib'.
        : The nominal operating condition represents either the nominal PVT values if specified in the library source, or the default PVT values (1.0, 1.0, 1.0).
Warning : Library cell has no output pins defined. [LBR-9]
        : Library cell 'ANTENNABWP7T' must have an output pin.
        : Add the missing output pin(s), then reload the library. Otherwise, the library cell will be marked as unusable and as timing model.
Warning : Library cell has no output pins defined. [LBR-9]
        : Library cell 'ANTENNABWP7T' must have an output pin.
Warning : Library cell has no output pins defined. [LBR-9]
        : Library cell 'DCAP16BWP7T' must have an output pin.
Warning : Library cell has no output pins defined. [LBR-9]
        : Library cell 'DCAP16BWP7T' must have an output pin.
Warning : Library cell has no output pins defined. [LBR-9]
        : Library cell 'DCAP32BWP7T' must have an output pin.
Warning : Library cell has no output pins defined. [LBR-9]
        : Library cell 'DCAP32BWP7T' must have an output pin.
Warning : Library cell has no output pins defined. [LBR-9]
        : Library cell 'DCAP4BWP7T' must have an output pin.
Warning : Library cell has no output pins defined. [LBR-9]
        : Library cell 'DCAP4BWP7T' must have an output pin.
Warning : Library cell has no output pins defined. [LBR-9]
        : Library cell 'DCAP64BWP7T' must have an output pin.
Warning : Library cell has no output pins defined. [LBR-9]
        : Library cell 'DCAP64BWP7T' must have an output pin.
Warning : Library cell has no output pins defined. [LBR-9]
        : Library cell 'DCAP8BWP7T' must have an output pin.
Warning : Library cell has no output pins defined. [LBR-9]
        : Library cell 'DCAP8BWP7T' must have an output pin.
Warning : Library cell has no output pins defined. [LBR-9]
        : Library cell 'DCAPBWP7T' must have an output pin.
Warning : Library cell has no output pins defined. [LBR-9]
        : Library cell 'DCAPBWP7T' must have an output pin.
Warning : Library cell has no output pins defined. [LBR-9]
        : Library cell 'GDCAP10BWP7T' must have an output pin.
Warning : Library cell has no output pins defined. [LBR-9]
        : Library cell 'GDCAP10BWP7T' must have an output pin.
Warning : Library cell has no output pins defined. [LBR-9]
        : Library cell 'GDCAP2BWP7T' must have an output pin.
Warning : Library cell has no output pins defined. [LBR-9]
        : Library cell 'GDCAP2BWP7T' must have an output pin.
Warning : Library cell has no output pins defined. [LBR-9]
        : Library cell 'GDCAP3BWP7T' must have an output pin.
Warning : Library cell has no output pins defined. [LBR-9]
        : Library cell 'GDCAP3BWP7T' must have an output pin.
  Setting attribute of root '/': 'library' = tcb018gbwp7twc.lib
@file(syn2.tcl) 9: set_db use_scan_seqs_for_non_dft false
  Setting attribute of root '/': 'use_scan_seqs_for_non_dft' = false
@file(syn2.tcl) 12: read_hdl -vhdl {memclear.vhd}
@file(syn2.tcl) 13: read_hdl -vhdl {memclear-behaviour.vhd}
@file(syn2.tcl) 14: read_hdl -vhdl {memclear_behaviour_cfg.vhd}
@file(syn2.tcl) 17: elaborate memclear_behaviour_cfg
  Library has 344 usable logic and 147 usable sequential lib-cells.
Info    : Elaborating Design. [ELAB-1]
        : Elaborating top-level block 'memclear' from file '../../../VHDL/memclear.vhd'.
Info    : Binding to architecture. [ELAB-5]
        : Elaborating architecture 'behaviour' for entity 'memclear'.
Info    : Done Elaborating Design. [ELAB-3]
        : Done elaborating 'memclear'.
Checking for analog nets.... 
Check completed for analog nets.
Info: Checking for source rtl...
Info: Check completed for source rtl...
UM:  flow.cputime  flow.realtime  timing.setup.tns  timing.setup.wns  snapshot
UM:            11             12                                      elaborate
@file(syn2.tcl) 22: dc::create_clock -name clk -period 30 -waveform {0 15} [dc::get_ports clk]
@file(syn2.tcl) 23: dc::set_driving_cell -cell INVD0BWP7T [dc::all_inputs]
@file(syn2.tcl) 24: dc::set_input_delay  .2 -clock clk [dc::all_inputs]
@file(syn2.tcl) 25: dc::set_output_delay .5 -clock clk [dc::all_outputs]
@file(syn2.tcl) 26: dc::set_load 1 [dc::all_outputs]
@file(syn2.tcl) 29: synthesize -to_mapped
Warning : This command will be obsolete in a next major release. [TUI-37]
        : command: 'synthesize'
        : The synthesize command is obsolete. Use the syn_gen, syn_map or syn_opt commands instead.
Info    : Synthesizing. [SYNTH-1]
        : Synthesizing 'memclear' to generic gates using 'medium' effort.
Info    : Deleting instances not driving any primary outputs. [GLO-34]
        : Deleting 1 hierarchical instance.
        : Optimizations such as constant propagation or redundancy removal could change the connections so a hierarchical instance does not drive any primary outputs anymore. To see the list of deleted hierarchical instances, set the 'information_level' attribute to 2 or above. If the message is truncated set the message attribute 'truncate' to false to see the complete list. To prevent this optimization, set the 'delete_unloaded_insts' root/subdesign attribute to 'false' or 'preserve' instance attribute to 'true'.
Info    : Pre-processed datapath logic. [DPOPT-6]
        : No pre-processing optimizations applied to datapath logic in 'memclear'.
Info    : Skipping datapath optimization. [DPOPT-5]
        : There is no datapath logic in 'memclear'.
Info    : Done synthesizing. [SYNTH-2]
        : Done synthesizing 'memclear' to generic gates.
Info    : Mapping. [SYNTH-4]
        : Mapping 'memclear' using 'medium' effort.
Mapper: Libraries have:
	domain _default_: 344 combo usable cells and 147 sequential usable cells
Multi-threaded constant propagation [1|0] ...
Multi-threaded Virtual Mapping    (8 threads, 8 of 8 CPUs usable)
 
Global mapping target info
==========================
Cost Group 'clk' target slack:   870 ps
Target path end-point (Port: memclear/rstMEM)

Multi-threaded Virtual Mapping    (8 threads, 8 of 8 CPUs usable)
Multi-threaded Technology Mapping (8 threads, 8 of 8 CPUs usable)
 
Global mapping status
=====================
                                   Group   
                                  Tot Wrst 
                           Total  Weighted 
Operation                   Area   Slacks  
-------------------------------------------------------------------------------
 global_map                  694        0 

    Cost Group            Target    Slack    Diff.    Clock
-----------------------------------------------------------
           clk               870    26309             30000 

 
Global incremental target info
==============================
Cost Group 'clk' target slack:   568 ps
Target path end-point (Port: memclear/WEMEM)

 
Global incremental optimization status
======================================
                                   Group   
                                  Tot Wrst 
                           Total  Weighted 
Operation                   Area   Slacks  
-------------------------------------------------------------------------------
 global_incr                 691        0 

    Cost Group            Target    Slack    Diff.    Clock
-----------------------------------------------------------
           clk               568    26315             30000 

Info    : Done mapping. [SYNTH-5]
        : Done mapping 'memclear'.
Info    : Incrementally optimizing. [SYNTH-7]
        : Incrementally optimizing 'memclear' using 'medium' effort.
 
Incremental optimization status
===============================
                                   Group   
                                  Tot Wrst     Total - - DRC Totals - -
                           Total  Weighted      Neg      Max       Max 
Operation                   Area   Slacks      Slack    Trans      Cap 
-------------------------------------------------------------------------------
 init_iopt                   691        0         0         0        0
 const_prop                  691        0         0         0        0
 
Incremental optimization status
===============================
                                   Group   
                                  Tot Wrst     Total - - DRC Totals - -
                           Total  Weighted      Neg      Max       Max 
Operation                   Area   Slacks      Slack    Trans      Cap 
-------------------------------------------------------------------------------
 init_delay                  691        0         0         0        0

           Trick     Calls     Accepts   Attempts    Time(secs) 
-----------------------------------------------------------
       crit_upsz         0  (        0 /        0 )  0.00
    plc_bal_star         0  (        0 /        0 )  0.00
     drc_buftimb         0  (        0 /        0 )  0.00
          plc_st         0  (        0 /        0 )  0.00
       plc_lo_st         0  (        0 /        0 )  0.00
        plc_star         0  (        0 /        0 )  0.00
     drc_buftims         0  (        0 /        0 )  0.00
       plc_lo_st         0  (        0 /        0 )  0.00
            fopt         0  (        0 /        0 )  0.00
       crit_dnsz         0  (        0 /        0 )  0.00
             dup         0  (        0 /        0 )  0.00
            fopt         0  (        0 /        0 )  0.00
        setup_dn         0  (        0 /        0 )  0.00
         buf2inv         0  (        0 /        0 )  0.00
             exp         0  (        0 /        0 )  0.00
       gate_deco         0  (        0 /        0 )  0.00
       gcomp_tim         0  (        0 /        0 )  0.00
  inv_pair_2_buf         0  (        0 /        0 )  0.00

 init_drc                    691        0         0         0        0

           Trick     Calls     Accepts   Attempts    Time(secs) 
-----------------------------------------------------------
          plc_st         0  (        0 /        0 )  0.00
        plc_star         0  (        0 /        0 )  0.00
        drc_bufs         0  (        0 /        0 )  0.00
        drc_fopt         0  (        0 /        0 )  0.00
        drc_bufb         0  (        0 /        0 )  0.00
      simple_buf         0  (        0 /        0 )  0.00
             dup         0  (        0 /        0 )  0.00
       crit_dnsz         0  (        0 /        0 )  0.00
       crit_upsz         0  (        0 /        0 )  0.00


           Trick     Calls     Accepts   Attempts    Time(secs) 
-----------------------------------------------------------
          plc_st         0  (        0 /        0 )  0.00
        plc_star         0  (        0 /        0 )  0.00
      drc_buf_sp         0  (        0 /        0 )  0.00
        drc_bufs         0  (        0 /        0 )  0.00
        drc_fopt         0  (        0 /        0 )  0.00
        drc_bufb         0  (        0 /        0 )  0.00
      simple_buf         0  (        0 /        0 )  0.00
             dup         0  (        0 /        0 )  0.00
       crit_dnsz         0  (        0 /        0 )  0.00
       crit_upsz         0  (        0 /        0 )  0.00


           Trick     Calls     Accepts   Attempts    Time(secs) 
-----------------------------------------------------------
          plc_st         0  (        0 /        0 )  0.00
        plc_star         0  (        0 /        0 )  0.00
      drc_buf_sp         0  (        0 /        0 )  0.00
        drc_bufs         0  (        0 /        0 )  0.00
        drc_fopt         0  (        0 /        0 )  0.00
        drc_bufb         0  (        0 /        0 )  0.00
             dup         0  (        0 /        0 )  0.00
       crit_dnsz         0  (        0 /        0 )  0.00
       crit_upsz         0  (        0 /        0 )  0.00

 init_tns                    691        0         0         0        0

           Trick     Calls     Accepts   Attempts    Time(secs) 
-----------------------------------------------------------
    plc_bal_star         0  (        0 /        0 )  0.00
     drc_buftimb         0  (        0 /        0 )  0.00
     drc_buftims         0  (        0 /        0 )  0.00
       crit_upsz         0  (        0 /        0 )  0.00
       plc_lo_st         0  (        0 /        0 )  0.00
            fopt         0  (        0 /        0 )  0.00
       crit_dnsz         0  (        0 /        0 )  0.00
             dup         0  (        0 /        0 )  0.00
        setup_dn         0  (        0 /        0 )  0.00
         buf2inv         0  (        0 /        0 )  0.00

 init_area                   691        0         0         0        0
 rem_inv_qb                  681        0         0         0        0

           Trick     Calls     Accepts   Attempts    Time(secs) 
-----------------------------------------------------------
           undup         0  (        0 /        0 )  0.00
         rem_buf         0  (        0 /        0 )  0.00
         rem_inv         0  (        0 /        0 )  0.00
        merge_bi         0  (        0 /        0 )  0.00
      rem_inv_qb         3  (        1 /        1 )  0.01
        io_phase         0  (        0 /        0 )  0.00
       gate_comp         1  (        0 /        0 )  0.00
       gcomp_mog         0  (        0 /        0 )  0.00
       glob_area         7  (        0 /        7 )  0.00
       area_down         4  (        0 /        0 )  0.01
      size_n_buf         0  (        0 /        0 )  0.00
  gate_deco_area         0  (        0 /        0 )  0.00
         rem_buf         0  (        0 /        0 )  0.00
         rem_inv         0  (        0 /        0 )  0.00
        merge_bi         0  (        0 /        0 )  0.00
      rem_inv_qb         0  (        0 /        0 )  0.00

 
Incremental optimization status
===============================
                                   Group   
                                  Tot Wrst     Total - - DRC Totals - -
                           Total  Weighted      Neg      Max       Max 
Operation                   Area   Slacks      Slack    Trans      Cap 
-------------------------------------------------------------------------------
 init_delay                  681        0         0         0        0

           Trick     Calls     Accepts   Attempts    Time(secs) 
-----------------------------------------------------------
       crit_upsz         0  (        0 /        0 )  0.00
    plc_bal_star         0  (        0 /        0 )  0.00
     drc_buftimb         0  (        0 /        0 )  0.00
          plc_st         0  (        0 /        0 )  0.00
       plc_lo_st         0  (        0 /        0 )  0.00
        plc_star         0  (        0 /        0 )  0.00
     drc_buftims         0  (        0 /        0 )  0.00
       plc_lo_st         0  (        0 /        0 )  0.00
            fopt         0  (        0 /        0 )  0.00
       crit_dnsz         0  (        0 /        0 )  0.00
             dup         0  (        0 /        0 )  0.00
            fopt         0  (        0 /        0 )  0.00
        setup_dn         0  (        0 /        0 )  0.00
         buf2inv         0  (        0 /        0 )  0.00
             exp         0  (        0 /        0 )  0.00
       gate_deco         0  (        0 /        0 )  0.00
       gcomp_tim         0  (        0 /        0 )  0.00
  inv_pair_2_buf         0  (        0 /        0 )  0.00

 init_drc                    681        0         0         0        0

           Trick     Calls     Accepts   Attempts    Time(secs) 
-----------------------------------------------------------
          plc_st         0  (        0 /        0 )  0.00
        plc_star         0  (        0 /        0 )  0.00
        drc_bufs         0  (        0 /        0 )  0.00
        drc_fopt         0  (        0 /        0 )  0.00
        drc_bufb         0  (        0 /        0 )  0.00
      simple_buf         0  (        0 /        0 )  0.00
             dup         0  (        0 /        0 )  0.00
       crit_dnsz         0  (        0 /        0 )  0.00
       crit_upsz         0  (        0 /        0 )  0.00


           Trick     Calls     Accepts   Attempts    Time(secs) 
-----------------------------------------------------------
          plc_st         0  (        0 /        0 )  0.00
        plc_star         0  (        0 /        0 )  0.00
        drc_bufs         0  (        0 /        0 )  0.00
        drc_fopt         0  (        0 /        0 )  0.00
        drc_bufb         0  (        0 /        0 )  0.00
      simple_buf         0  (        0 /        0 )  0.00
             dup         0  (        0 /        0 )  0.00
       crit_dnsz         0  (        0 /        0 )  0.00
       crit_upsz         0  (        0 /        0 )  0.00


           Trick     Calls     Accepts   Attempts    Time(secs) 
-----------------------------------------------------------
          plc_st         0  (        0 /        0 )  0.00
        plc_star         0  (        0 /        0 )  0.00
        drc_bufs         0  (        0 /        0 )  0.00
        drc_fopt         0  (        0 /        0 )  0.00
        drc_bufb         0  (        0 /        0 )  0.00
             dup         0  (        0 /        0 )  0.00
       crit_dnsz         0  (        0 /        0 )  0.00
       crit_upsz         0  (        0 /        0 )  0.00

 init_area                   681        0         0         0        0

           Trick     Calls     Accepts   Attempts    Time(secs) 
-----------------------------------------------------------
           undup         0  (        0 /        0 )  0.00
         rem_buf         0  (        0 /        0 )  0.00
         rem_inv         0  (        0 /        0 )  0.00
        merge_bi         0  (        0 /        0 )  0.00
      rem_inv_qb         0  (        0 /        0 )  0.00
        io_phase         0  (        0 /        0 )  0.00
       gate_comp         1  (        0 /        0 )  0.00
       gcomp_mog         0  (        0 /        0 )  0.00
       glob_area         7  (        0 /        7 )  0.00
       area_down         4  (        0 /        0 )  0.00
      size_n_buf         0  (        0 /        0 )  0.00
  gate_deco_area         0  (        0 /        0 )  0.00

Info    : Done incrementally optimizing. [SYNTH-8]
        : Done incrementally optimizing 'memclear'.
     flow.cputime  flow.realtime  timing.setup.tns  timing.setup.wns  snapshot
UM:             1              1            0.0 ps        26332.1 ps  synthesize
@file(syn2.tcl) 34: ungroup -all -flat
@file(syn2.tcl) 35: insert_tiehilo_cells
  Setting attribute of design 'memclear': 'pias_in_map' = false
@file(syn2.tcl) 36: write_hdl -mapped > ../out/memclear.v
@file(syn2.tcl) 37: write_sdf > ../out/memclear.sdf
Warning : Default value for an option has changed in this release. [WSDF-104]
        : Default value for -setuphold has changed from split to merge_always. Specify '-setuphold split' to preserve the behavior of the previous release.
        : Specify the option explicitly.
Warning : Default value for an option has changed in this release. [WSDF-104]
        : Default value for -recrem has changed from split to merge_always. Specify '-recrem split' to preserve the behavior of the previous release.
@file(syn2.tcl) 38: write_sdc > ../out/memclear.sdc
Finished SDC export (command execution time mm:ss (real) = 00:00).
@file(syn2.tcl) 40: report timing
============================================================
  Generated by:           Genus(TM) Synthesis Solution 17.11-s014_1
  Generated on:           Dec 03 2021  10:33:51 am
  Module:                 memclear
  Operating conditions:   WCCOM (balanced_tree)
  Wireload mode:          segmented
  Area mode:              timing library
============================================================


Path 1: MET (26332 ps) Late External Delay Assertion at pin WEMEM
          Group: clk
     Startpoint: (R) state_reg[2]/CP
          Clock: (R) clk
       Endpoint: (R) WEMEM
          Clock: (R) clk

                     Capture       Launch     
        Clock Edge:+   30000            0     
       Src Latency:+       0            0     
       Net Latency:+       0 (I)        0 (I) 
           Arrival:=   30000            0     
                                              
      Output Delay:-     500                  
     Required Time:=   29500                  
      Launch Clock:-       0                  
         Data Path:-    3168                  
             Slack:=   26332                  

#----------------------------------------------------------------------------------
#  Timing Point   Flags   Arc   Edge    Cell     Fanout  Load  Trans Delay Arrival 
#                                                        (fF)   (ps)  (ps)   (ps)  
#----------------------------------------------------------------------------------
  state_reg[2]/CP -       -     R     (arrival)       5      -     0     -       0 
  state_reg[2]/Q  -       CP->Q R     DFD1BWP7T       5   22.3   212   408     408 
  g879/Z          -       A2->Z R     AN2D4BWP7T      3 1016.6  2020  1262    1671 
  g863/Z          -       A2->Z R     OR2D4BWP7T      1 1000.0  1991  1497    3168 
  WEMEM           <<<     -     R     (port)          -      -     -     0    3168 
#----------------------------------------------------------------------------------

@file(syn2.tcl) 41: report gates
============================================================
  Generated by:           Genus(TM) Synthesis Solution 17.11-s014_1
  Generated on:           Dec 03 2021  10:33:51 am
  Module:                 memclear
  Operating conditions:   WCCOM (balanced_tree)
  Wireload mode:          segmented
  Area mode:              timing library
============================================================

                                  
     Gate      Instances   Area        Library      
----------------------------------------------------
AN2D0BWP7T             1   10.976    tcb018gbwp7twc 
AN2D4BWP7T             4  105.370    tcb018gbwp7twc 
AO22D0BWP7T            1   17.562    tcb018gbwp7twc 
AOI21D0BWP7T           2   21.952    tcb018gbwp7twc 
CKND2D1BWP7T           1    8.781    tcb018gbwp7twc 
DFD1BWP7T              2   87.808    tcb018gbwp7twc 
DFKCND1BWP7T           1   48.294    tcb018gbwp7twc 
DFQD1BWP7T             2   83.418    tcb018gbwp7twc 
IAO21D0BWP7T           1   13.171    tcb018gbwp7twc 
IND2D1BWP7T            2   21.952    tcb018gbwp7twc 
IND3D1BWP7T            1   13.171    tcb018gbwp7twc 
IND4D0BWP7T            2   30.733    tcb018gbwp7twc 
INR2D1BWP7T            1   10.976    tcb018gbwp7twc 
INR3D0BWP7T            1   15.366    tcb018gbwp7twc 
MAOI22D0BWP7T          1   15.366    tcb018gbwp7twc 
MOAI22D0BWP7T          1   15.366    tcb018gbwp7twc 
ND2D0BWP7T             2   17.562    tcb018gbwp7twc 
NR2XD0BWP7T            5   43.904    tcb018gbwp7twc 
OAI21D0BWP7T           3   32.928    tcb018gbwp7twc 
OAI31D0BWP7T           1   13.171    tcb018gbwp7twc 
OR2D4BWP7T             2   52.685    tcb018gbwp7twc 
----------------------------------------------------
total                 37  680.512                   


                                        
     Type      Instances   Area  Area % 
----------------------------------------
sequential             5 219.520   32.3 
logic                 32 460.992   67.7 
physical_cells         0   0.000    0.0 
----------------------------------------
total                 37 680.512  100.0 

@file(syn2.tcl) 43: gui_show
#@ End verbose source tcl/syn2.tcl
WARNING: This version of the tool is 1516 days old.
