Analysis & Synthesis report for top_de1
Tue Nov 30 11:25:51 2021
Quartus II 64-Bit Version 13.0.1 Build 232 06/12/2013 Service Pack 1 SJ Full Version


---------------------
; Table of Contents ;
---------------------
  1. Legal Notice
  2. Analysis & Synthesis Summary
  3. Analysis & Synthesis Settings
  4. Parallel Compilation
  5. Analysis & Synthesis Source Files Read
  6. Analysis & Synthesis Resource Usage Summary
  7. Analysis & Synthesis Resource Utilization by Entity
  8. State Machine - |top_de1|memory_cntrll:inst3|countextend:cey|state
  9. State Machine - |top_de1|memory_cntrll:inst3|countextend:cex|state
 10. State Machine - |top_de1|memory_cntrll:inst3|readwrite:rw|state
 11. General Register Statistics
 12. Multiplexer Restructuring Statistics (Restructuring Performed)
 13. Elapsed Time Per Partition
 14. Analysis & Synthesis Messages



----------------
; Legal Notice ;
----------------
Copyright (C) 1991-2013 Altera Corporation
Your use of Altera Corporation's design tools, logic functions 
and other software and tools, and its AMPP partner logic 
functions, and any output files from any of the foregoing 
(including device programming or simulation files), and any 
associated documentation or information are expressly subject 
to the terms and conditions of the Altera Program License 
Subscription Agreement, Altera MegaCore Function License 
Agreement, or other applicable license agreement, including, 
without limitation, that your use is for the sole purpose of 
programming logic devices manufactured by Altera and sold by 
Altera or its authorized distributors.  Please refer to the 
applicable agreement for further details.



+---------------------------------------------------------------------------------------+
; Analysis & Synthesis Summary                                                          ;
+------------------------------------+--------------------------------------------------+
; Analysis & Synthesis Status        ; Successful - Tue Nov 30 11:25:51 2021            ;
; Quartus II 64-Bit Version          ; 13.0.1 Build 232 06/12/2013 SP 1 SJ Full Version ;
; Revision Name                      ; top_de1                                          ;
; Top-level Entity Name              ; top_de1                                          ;
; Family                             ; Cyclone II                                       ;
; Total logic elements               ; 87                                               ;
;     Total combinational functions  ; 87                                               ;
;     Dedicated logic registers      ; 56                                               ;
; Total registers                    ; 56                                               ;
; Total pins                         ; 60                                               ;
; Total virtual pins                 ; 0                                                ;
; Total memory bits                  ; 0                                                ;
; Embedded Multiplier 9-bit elements ; 0                                                ;
; Total PLLs                         ; 0                                                ;
+------------------------------------+--------------------------------------------------+


+----------------------------------------------------------------------------------------------------------------------+
; Analysis & Synthesis Settings                                                                                        ;
+----------------------------------------------------------------------------+--------------------+--------------------+
; Option                                                                     ; Setting            ; Default Value      ;
+----------------------------------------------------------------------------+--------------------+--------------------+
; Device                                                                     ; EP2C20F484C7       ;                    ;
; Top-level entity name                                                      ; top_de1            ; top_de1            ;
; Family name                                                                ; Cyclone II         ; Cyclone IV GX      ;
; Use smart compilation                                                      ; Off                ; Off                ;
; Enable parallel Assembler and TimeQuest Timing Analyzer during compilation ; On                 ; On                 ;
; Enable compact report table                                                ; Off                ; Off                ;
; Restructure Multiplexers                                                   ; Auto               ; Auto               ;
; Create Debugging Nodes for IP Cores                                        ; Off                ; Off                ;
; Preserve fewer node names                                                  ; On                 ; On                 ;
; Disable OpenCore Plus hardware evaluation                                  ; Off                ; Off                ;
; Verilog Version                                                            ; Verilog_2001       ; Verilog_2001       ;
; VHDL Version                                                               ; VHDL_1993          ; VHDL_1993          ;
; State Machine Processing                                                   ; Auto               ; Auto               ;
; Safe State Machine                                                         ; Off                ; Off                ;
; Extract Verilog State Machines                                             ; On                 ; On                 ;
; Extract VHDL State Machines                                                ; On                 ; On                 ;
; Ignore Verilog initial constructs                                          ; Off                ; Off                ;
; Iteration limit for constant Verilog loops                                 ; 5000               ; 5000               ;
; Iteration limit for non-constant Verilog loops                             ; 250                ; 250                ;
; Add Pass-Through Logic to Inferred RAMs                                    ; On                 ; On                 ;
; Infer RAMs from Raw Logic                                                  ; On                 ; On                 ;
; Parallel Synthesis                                                         ; On                 ; On                 ;
; DSP Block Balancing                                                        ; Auto               ; Auto               ;
; NOT Gate Push-Back                                                         ; On                 ; On                 ;
; Power-Up Don't Care                                                        ; On                 ; On                 ;
; Remove Redundant Logic Cells                                               ; Off                ; Off                ;
; Remove Duplicate Registers                                                 ; On                 ; On                 ;
; Ignore CARRY Buffers                                                       ; Off                ; Off                ;
; Ignore CASCADE Buffers                                                     ; Off                ; Off                ;
; Ignore GLOBAL Buffers                                                      ; Off                ; Off                ;
; Ignore ROW GLOBAL Buffers                                                  ; Off                ; Off                ;
; Ignore LCELL Buffers                                                       ; Off                ; Off                ;
; Ignore SOFT Buffers                                                        ; On                 ; On                 ;
; Limit AHDL Integers to 32 Bits                                             ; Off                ; Off                ;
; Optimization Technique                                                     ; Balanced           ; Balanced           ;
; Carry Chain Length                                                         ; 70                 ; 70                 ;
; Auto Carry Chains                                                          ; On                 ; On                 ;
; Auto Open-Drain Pins                                                       ; On                 ; On                 ;
; Perform WYSIWYG Primitive Resynthesis                                      ; Off                ; Off                ;
; Auto ROM Replacement                                                       ; On                 ; On                 ;
; Auto RAM Replacement                                                       ; On                 ; On                 ;
; Auto Shift Register Replacement                                            ; Auto               ; Auto               ;
; Allow Shift Register Merging across Hierarchies                            ; Auto               ; Auto               ;
; Auto Clock Enable Replacement                                              ; On                 ; On                 ;
; Strict RAM Replacement                                                     ; Off                ; Off                ;
; Allow Synchronous Control Signals                                          ; On                 ; On                 ;
; Force Use of Synchronous Clear Signals                                     ; Off                ; Off                ;
; Auto RAM to Logic Cell Conversion                                          ; Off                ; Off                ;
; Auto Resource Sharing                                                      ; Off                ; Off                ;
; Allow Any RAM Size For Recognition                                         ; Off                ; Off                ;
; Allow Any ROM Size For Recognition                                         ; Off                ; Off                ;
; Allow Any Shift Register Size For Recognition                              ; Off                ; Off                ;
; Use LogicLock Constraints during Resource Balancing                        ; On                 ; On                 ;
; Ignore translate_off and synthesis_off directives                          ; Off                ; Off                ;
; Timing-Driven Synthesis                                                    ; Off                ; Off                ;
; Report Parameter Settings                                                  ; On                 ; On                 ;
; Report Source Assignments                                                  ; On                 ; On                 ;
; Report Connectivity Checks                                                 ; On                 ; On                 ;
; Ignore Maximum Fan-Out Assignments                                         ; Off                ; Off                ;
; Synchronization Register Chain Length                                      ; 2                  ; 2                  ;
; PowerPlay Power Optimization                                               ; Normal compilation ; Normal compilation ;
; HDL message level                                                          ; Level2             ; Level2             ;
; Suppress Register Optimization Related Messages                            ; Off                ; Off                ;
; Number of Removed Registers Reported in Synthesis Report                   ; 5000               ; 5000               ;
; Number of Swept Nodes Reported in Synthesis Report                         ; 5000               ; 5000               ;
; Number of Inverted Registers Reported in Synthesis Report                  ; 100                ; 100                ;
; Clock MUX Protection                                                       ; On                 ; On                 ;
; Auto Gated Clock Conversion                                                ; Off                ; Off                ;
; Block Design Naming                                                        ; Auto               ; Auto               ;
; SDC constraint protection                                                  ; Off                ; Off                ;
; Synthesis Effort                                                           ; Auto               ; Auto               ;
; Shift Register Replacement - Allow Asynchronous Clear Signal               ; On                 ; On                 ;
; Pre-Mapping Resynthesis Optimization                                       ; Off                ; Off                ;
; Analysis & Synthesis Message Level                                         ; Medium             ; Medium             ;
; Disable Register Merging Across Hierarchies                                ; Auto               ; Auto               ;
; Resource Aware Inference For Block RAM                                     ; On                 ; On                 ;
; Synthesis Seed                                                             ; 1                  ; 1                  ;
+----------------------------------------------------------------------------+--------------------+--------------------+


+------------------------------------------+
; Parallel Compilation                     ;
+----------------------------+-------------+
; Processors                 ; Number      ;
+----------------------------+-------------+
; Number detected on machine ; 6           ;
; Maximum allowed            ; 6           ;
;                            ;             ;
; Average used               ; 1.00        ;
; Maximum used               ; 1           ;
;                            ;             ;
; Usage by Processor         ; % Time Used ;
;     Processor 1            ; 100.0%      ;
;     Processors 2-6         ;   0.0%      ;
+----------------------------+-------------+


+---------------------------------------------------------------------------------------------------------------------------------------------------------------------------+
; Analysis & Synthesis Source Files Read                                                                                                                                    ;
+-------------------------------------+-----------------+------------------------------------+--------------------------------------------------------------------+---------+
; File Name with User-Entered Path    ; Used in Netlist ; File Type                          ; File Name with Absolute Path                                       ; Library ;
+-------------------------------------+-----------------+------------------------------------+--------------------------------------------------------------------+---------+
; ../VHDL/counter8b-behaviour.vhd     ; yes             ; User VHDL File                     ; /home/mlmjanssen/Documents/Memory/VHDL/counter8b-behaviour.vhd     ;         ;
; ../VHDL/counter5b-behaviour.vhd     ; yes             ; User VHDL File                     ; /home/mlmjanssen/Documents/Memory/VHDL/counter5b-behaviour.vhd     ;         ;
; ../VHDL/readwrite.vhd               ; yes             ; User VHDL File                     ; /home/mlmjanssen/Documents/Memory/VHDL/readwrite.vhd               ;         ;
; ../VHDL/readwrite-behaviour.vhd     ; yes             ; User VHDL File                     ; /home/mlmjanssen/Documents/Memory/VHDL/readwrite-behaviour.vhd     ;         ;
; ../VHDL/memory_cntrll.vhd           ; yes             ; User VHDL File                     ; /home/mlmjanssen/Documents/Memory/VHDL/memory_cntrll.vhd           ;         ;
; ../VHDL/memory_cntrll-behaviour.vhd ; yes             ; User VHDL File                     ; /home/mlmjanssen/Documents/Memory/VHDL/memory_cntrll-behaviour.vhd ;         ;
; ../VHDL/countextend.vhd             ; yes             ; User VHDL File                     ; /home/mlmjanssen/Documents/Memory/VHDL/countextend.vhd             ;         ;
; ../VHDL/countextend-behaviour.vhd   ; yes             ; User VHDL File                     ; /home/mlmjanssen/Documents/Memory/VHDL/countextend-behaviour.vhd   ;         ;
; ../VHDL/counter8b.vhd               ; yes             ; User VHDL File                     ; /home/mlmjanssen/Documents/Memory/VHDL/counter8b.vhd               ;         ;
; ../VHDL/counter5b.vhd               ; yes             ; User VHDL File                     ; /home/mlmjanssen/Documents/Memory/VHDL/counter5b.vhd               ;         ;
; top_de1.bdf                         ; yes             ; User Block Diagram/Schematic File  ; /home/mlmjanssen/Documents/Memory/quartus_DE1/top_de1.bdf          ;         ;
; gen25mhz.vhd                        ; yes             ; User VHDL File                     ; /home/mlmjanssen/Documents/Memory/quartus_DE1/gen25mhz.vhd         ;         ;
+-------------------------------------+-----------------+------------------------------------+--------------------------------------------------------------------+---------+


+-----------------------------------------------------------------------+
; Analysis & Synthesis Resource Usage Summary                           ;
+---------------------------------------------+-------------------------+
; Resource                                    ; Usage                   ;
+---------------------------------------------+-------------------------+
; Estimated Total logic elements              ; 87                      ;
;                                             ;                         ;
; Total combinational functions               ; 87                      ;
; Logic element usage by number of LUT inputs ;                         ;
;     -- 4 input functions                    ; 36                      ;
;     -- 3 input functions                    ; 13                      ;
;     -- <=2 input functions                  ; 38                      ;
;                                             ;                         ;
; Logic elements by mode                      ;                         ;
;     -- normal mode                          ; 75                      ;
;     -- arithmetic mode                      ; 12                      ;
;                                             ;                         ;
; Total registers                             ; 56                      ;
;     -- Dedicated logic registers            ; 56                      ;
;     -- I/O registers                        ; 0                       ;
;                                             ;                         ;
; I/O pins                                    ; 60                      ;
; Embedded Multiplier 9-bit elements          ; 0                       ;
; Maximum fan-out node                        ; gen25mhz:inst1|count[0] ;
; Maximum fan-out                             ; 38                      ;
; Total fan-out                               ; 412                     ;
; Average fan-out                             ; 2.03                    ;
+---------------------------------------------+-------------------------+


+------------------------------------------------------------------------------------------------------------------------------------------------------------------------------------------------------+
; Analysis & Synthesis Resource Utilization by Entity                                                                                                                                                  ;
+----------------------------+-------------------+--------------+-------------+--------------+---------+-----------+------+--------------+----------------------------------------------+--------------+
; Compilation Hierarchy Node ; LC Combinationals ; LC Registers ; Memory Bits ; DSP Elements ; DSP 9x9 ; DSP 18x18 ; Pins ; Virtual Pins ; Full Hierarchy Name                          ; Library Name ;
+----------------------------+-------------------+--------------+-------------+--------------+---------+-----------+------+--------------+----------------------------------------------+--------------+
; |top_de1                   ; 87 (0)            ; 56 (0)       ; 0           ; 0            ; 0       ; 0         ; 60   ; 0            ; |top_de1                                     ; work         ;
;    |gen25mhz:inst1|        ; 1 (1)             ; 1 (1)        ; 0           ; 0            ; 0       ; 0         ; 0    ; 0            ; |top_de1|gen25mhz:inst1                      ; work         ;
;    |memory_cntrll:inst3|   ; 86 (5)            ; 55 (0)       ; 0           ; 0            ; 0       ; 0         ; 0    ; 0            ; |top_de1|memory_cntrll:inst3                 ; work         ;
;       |counter5b:cx|       ; 5 (5)             ; 5 (5)        ; 0           ; 0            ; 0       ; 0         ; 0    ; 0            ; |top_de1|memory_cntrll:inst3|counter5b:cx    ; work         ;
;       |counter5b:cy|       ; 5 (5)             ; 5 (5)        ; 0           ; 0            ; 0       ; 0         ; 0    ; 0            ; |top_de1|memory_cntrll:inst3|counter5b:cy    ; work         ;
;       |counter8b:cw|       ; 8 (8)             ; 8 (8)        ; 0           ; 0            ; 0       ; 0         ; 0    ; 0            ; |top_de1|memory_cntrll:inst3|counter8b:cw    ; work         ;
;       |countextend:cex|    ; 4 (4)             ; 4 (4)        ; 0           ; 0            ; 0       ; 0         ; 0    ; 0            ; |top_de1|memory_cntrll:inst3|countextend:cex ; work         ;
;       |countextend:cey|    ; 4 (4)             ; 4 (4)        ; 0           ; 0            ; 0       ; 0         ; 0    ; 0            ; |top_de1|memory_cntrll:inst3|countextend:cey ; work         ;
;       |readwrite:rw|       ; 55 (55)           ; 29 (29)      ; 0           ; 0            ; 0       ; 0         ; 0    ; 0            ; |top_de1|memory_cntrll:inst3|readwrite:rw    ; work         ;
+----------------------------+-------------------+--------------+-------------+--------------+---------+-----------+------+--------------+----------------------------------------------+--------------+
Note: For table entries with two numbers listed, the numbers in parentheses indicate the number of resources of the given type used by the specific entity alone. The numbers listed outside of parentheses indicate the total resources of the given type used by the specific entity and all of its sub-entities in the hierarchy.


Encoding Type:  One-Hot
+---------------------------------------------------------------------+
; State Machine - |top_de1|memory_cntrll:inst3|countextend:cey|state  ;
+-------------+-------------+-------------+-------------+-------------+
; Name        ; state.WAIT1 ; state.HIGH2 ; state.HIGH1 ; state.SLEEP ;
+-------------+-------------+-------------+-------------+-------------+
; state.SLEEP ; 0           ; 0           ; 0           ; 0           ;
; state.HIGH1 ; 0           ; 0           ; 1           ; 1           ;
; state.HIGH2 ; 0           ; 1           ; 0           ; 1           ;
; state.WAIT1 ; 1           ; 0           ; 0           ; 1           ;
+-------------+-------------+-------------+-------------+-------------+


Encoding Type:  One-Hot
+---------------------------------------------------------------------+
; State Machine - |top_de1|memory_cntrll:inst3|countextend:cex|state  ;
+-------------+-------------+-------------+-------------+-------------+
; Name        ; state.WAIT1 ; state.HIGH2 ; state.HIGH1 ; state.SLEEP ;
+-------------+-------------+-------------+-------------+-------------+
; state.SLEEP ; 0           ; 0           ; 0           ; 0           ;
; state.HIGH1 ; 0           ; 0           ; 1           ; 1           ;
; state.HIGH2 ; 0           ; 1           ; 0           ; 1           ;
; state.WAIT1 ; 1           ; 0           ; 0           ; 1           ;
+-------------+-------------+-------------+-------------+-------------+


Encoding Type:  One-Hot
+---------------------------------------------------------------------------------------------------------------------------------------------------------------------------------------------------------------------------------------------------------------------------------------------------------------------------------------------------------------------------------------------------------------------------------------------------------------------+
; State Machine - |top_de1|memory_cntrll:inst3|readwrite:rw|state                                                                                                                                                                                                                                                                                                                                                                                                     ;
+----------------+----------------+----------------+------------+------------+------------+-------------+-------------+-------------+-------------+-------------+----------------+----------------+----------------+---------------+---------------+---------------+---------------+--------------+--------------+---------------+---------------+--------------+--------------+--------------+--------------+-------------+-------------+--------------+-------------+
; Name           ; state.fixback2 ; state.fixback1 ; state.fix3 ; state.fix2 ; state.fix1 ; state.wait6 ; state.wait5 ; state.wait4 ; state.wait3 ; state.wait2 ; state.preCheck ; state.incrXYW2 ; state.incrXYW1 ; state.incrYW2 ; state.incrYW1 ; state.incrXW2 ; state.incrXW1 ; state.incrW2 ; state.incrW1 ; state.incrXY2 ; state.incrXY1 ; state.incrY2 ; state.incrY1 ; state.incrX2 ; state.incrX1 ; state.Check ; state.wait1 ; state.rstALL ; state.SLEEP ;
+----------------+----------------+----------------+------------+------------+------------+-------------+-------------+-------------+-------------+-------------+----------------+----------------+----------------+---------------+---------------+---------------+---------------+--------------+--------------+---------------+---------------+--------------+--------------+--------------+--------------+-------------+-------------+--------------+-------------+
; state.SLEEP    ; 0              ; 0              ; 0          ; 0          ; 0          ; 0           ; 0           ; 0           ; 0           ; 0           ; 0              ; 0              ; 0              ; 0             ; 0             ; 0             ; 0             ; 0            ; 0            ; 0             ; 0             ; 0            ; 0            ; 0            ; 0            ; 0           ; 0           ; 0            ; 0           ;
; state.rstALL   ; 0              ; 0              ; 0          ; 0          ; 0          ; 0           ; 0           ; 0           ; 0           ; 0           ; 0              ; 0              ; 0              ; 0             ; 0             ; 0             ; 0             ; 0            ; 0            ; 0             ; 0             ; 0            ; 0            ; 0            ; 0            ; 0           ; 0           ; 1            ; 1           ;
; state.wait1    ; 0              ; 0              ; 0          ; 0          ; 0          ; 0           ; 0           ; 0           ; 0           ; 0           ; 0              ; 0              ; 0              ; 0             ; 0             ; 0             ; 0             ; 0            ; 0            ; 0             ; 0             ; 0            ; 0            ; 0            ; 0            ; 0           ; 1           ; 0            ; 1           ;
; state.Check    ; 0              ; 0              ; 0          ; 0          ; 0          ; 0           ; 0           ; 0           ; 0           ; 0           ; 0              ; 0              ; 0              ; 0             ; 0             ; 0             ; 0             ; 0            ; 0            ; 0             ; 0             ; 0            ; 0            ; 0            ; 0            ; 1           ; 0           ; 0            ; 1           ;
; state.incrX1   ; 0              ; 0              ; 0          ; 0          ; 0          ; 0           ; 0           ; 0           ; 0           ; 0           ; 0              ; 0              ; 0              ; 0             ; 0             ; 0             ; 0             ; 0            ; 0            ; 0             ; 0             ; 0            ; 0            ; 0            ; 1            ; 0           ; 0           ; 0            ; 1           ;
; state.incrX2   ; 0              ; 0              ; 0          ; 0          ; 0          ; 0           ; 0           ; 0           ; 0           ; 0           ; 0              ; 0              ; 0              ; 0             ; 0             ; 0             ; 0             ; 0            ; 0            ; 0             ; 0             ; 0            ; 0            ; 1            ; 0            ; 0           ; 0           ; 0            ; 1           ;
; state.incrY1   ; 0              ; 0              ; 0          ; 0          ; 0          ; 0           ; 0           ; 0           ; 0           ; 0           ; 0              ; 0              ; 0              ; 0             ; 0             ; 0             ; 0             ; 0            ; 0            ; 0             ; 0             ; 0            ; 1            ; 0            ; 0            ; 0           ; 0           ; 0            ; 1           ;
; state.incrY2   ; 0              ; 0              ; 0          ; 0          ; 0          ; 0           ; 0           ; 0           ; 0           ; 0           ; 0              ; 0              ; 0              ; 0             ; 0             ; 0             ; 0             ; 0            ; 0            ; 0             ; 0             ; 1            ; 0            ; 0            ; 0            ; 0           ; 0           ; 0            ; 1           ;
; state.incrXY1  ; 0              ; 0              ; 0          ; 0          ; 0          ; 0           ; 0           ; 0           ; 0           ; 0           ; 0              ; 0              ; 0              ; 0             ; 0             ; 0             ; 0             ; 0            ; 0            ; 0             ; 1             ; 0            ; 0            ; 0            ; 0            ; 0           ; 0           ; 0            ; 1           ;
; state.incrXY2  ; 0              ; 0              ; 0          ; 0          ; 0          ; 0           ; 0           ; 0           ; 0           ; 0           ; 0              ; 0              ; 0              ; 0             ; 0             ; 0             ; 0             ; 0            ; 0            ; 1             ; 0             ; 0            ; 0            ; 0            ; 0            ; 0           ; 0           ; 0            ; 1           ;
; state.incrW1   ; 0              ; 0              ; 0          ; 0          ; 0          ; 0           ; 0           ; 0           ; 0           ; 0           ; 0              ; 0              ; 0              ; 0             ; 0             ; 0             ; 0             ; 0            ; 1            ; 0             ; 0             ; 0            ; 0            ; 0            ; 0            ; 0           ; 0           ; 0            ; 1           ;
; state.incrW2   ; 0              ; 0              ; 0          ; 0          ; 0          ; 0           ; 0           ; 0           ; 0           ; 0           ; 0              ; 0              ; 0              ; 0             ; 0             ; 0             ; 0             ; 1            ; 0            ; 0             ; 0             ; 0            ; 0            ; 0            ; 0            ; 0           ; 0           ; 0            ; 1           ;
; state.incrXW1  ; 0              ; 0              ; 0          ; 0          ; 0          ; 0           ; 0           ; 0           ; 0           ; 0           ; 0              ; 0              ; 0              ; 0             ; 0             ; 0             ; 1             ; 0            ; 0            ; 0             ; 0             ; 0            ; 0            ; 0            ; 0            ; 0           ; 0           ; 0            ; 1           ;
; state.incrXW2  ; 0              ; 0              ; 0          ; 0          ; 0          ; 0           ; 0           ; 0           ; 0           ; 0           ; 0              ; 0              ; 0              ; 0             ; 0             ; 1             ; 0             ; 0            ; 0            ; 0             ; 0             ; 0            ; 0            ; 0            ; 0            ; 0           ; 0           ; 0            ; 1           ;
; state.incrYW1  ; 0              ; 0              ; 0          ; 0          ; 0          ; 0           ; 0           ; 0           ; 0           ; 0           ; 0              ; 0              ; 0              ; 0             ; 1             ; 0             ; 0             ; 0            ; 0            ; 0             ; 0             ; 0            ; 0            ; 0            ; 0            ; 0           ; 0           ; 0            ; 1           ;
; state.incrYW2  ; 0              ; 0              ; 0          ; 0          ; 0          ; 0           ; 0           ; 0           ; 0           ; 0           ; 0              ; 0              ; 0              ; 1             ; 0             ; 0             ; 0             ; 0            ; 0            ; 0             ; 0             ; 0            ; 0            ; 0            ; 0            ; 0           ; 0           ; 0            ; 1           ;
; state.incrXYW1 ; 0              ; 0              ; 0          ; 0          ; 0          ; 0           ; 0           ; 0           ; 0           ; 0           ; 0              ; 0              ; 1              ; 0             ; 0             ; 0             ; 0             ; 0            ; 0            ; 0             ; 0             ; 0            ; 0            ; 0            ; 0            ; 0           ; 0           ; 0            ; 1           ;
; state.incrXYW2 ; 0              ; 0              ; 0          ; 0          ; 0          ; 0           ; 0           ; 0           ; 0           ; 0           ; 0              ; 1              ; 0              ; 0             ; 0             ; 0             ; 0             ; 0            ; 0            ; 0             ; 0             ; 0            ; 0            ; 0            ; 0            ; 0           ; 0           ; 0            ; 1           ;
; state.preCheck ; 0              ; 0              ; 0          ; 0          ; 0          ; 0           ; 0           ; 0           ; 0           ; 0           ; 1              ; 0              ; 0              ; 0             ; 0             ; 0             ; 0             ; 0            ; 0            ; 0             ; 0             ; 0            ; 0            ; 0            ; 0            ; 0           ; 0           ; 0            ; 1           ;
; state.wait2    ; 0              ; 0              ; 0          ; 0          ; 0          ; 0           ; 0           ; 0           ; 0           ; 1           ; 0              ; 0              ; 0              ; 0             ; 0             ; 0             ; 0             ; 0            ; 0            ; 0             ; 0             ; 0            ; 0            ; 0            ; 0            ; 0           ; 0           ; 0            ; 1           ;
; state.wait3    ; 0              ; 0              ; 0          ; 0          ; 0          ; 0           ; 0           ; 0           ; 1           ; 0           ; 0              ; 0              ; 0              ; 0             ; 0             ; 0             ; 0             ; 0            ; 0            ; 0             ; 0             ; 0            ; 0            ; 0            ; 0            ; 0           ; 0           ; 0            ; 1           ;
; state.wait4    ; 0              ; 0              ; 0          ; 0          ; 0          ; 0           ; 0           ; 1           ; 0           ; 0           ; 0              ; 0              ; 0              ; 0             ; 0             ; 0             ; 0             ; 0            ; 0            ; 0             ; 0             ; 0            ; 0            ; 0            ; 0            ; 0           ; 0           ; 0            ; 1           ;
; state.wait5    ; 0              ; 0              ; 0          ; 0          ; 0          ; 0           ; 1           ; 0           ; 0           ; 0           ; 0              ; 0              ; 0              ; 0             ; 0             ; 0             ; 0             ; 0            ; 0            ; 0             ; 0             ; 0            ; 0            ; 0            ; 0            ; 0           ; 0           ; 0            ; 1           ;
; state.wait6    ; 0              ; 0              ; 0          ; 0          ; 0          ; 1           ; 0           ; 0           ; 0           ; 0           ; 0              ; 0              ; 0              ; 0             ; 0             ; 0             ; 0             ; 0            ; 0            ; 0             ; 0             ; 0            ; 0            ; 0            ; 0            ; 0           ; 0           ; 0            ; 1           ;
; state.fix1     ; 0              ; 0              ; 0          ; 0          ; 1          ; 0           ; 0           ; 0           ; 0           ; 0           ; 0              ; 0              ; 0              ; 0             ; 0             ; 0             ; 0             ; 0            ; 0            ; 0             ; 0             ; 0            ; 0            ; 0            ; 0            ; 0           ; 0           ; 0            ; 1           ;
; state.fix2     ; 0              ; 0              ; 0          ; 1          ; 0          ; 0           ; 0           ; 0           ; 0           ; 0           ; 0              ; 0              ; 0              ; 0             ; 0             ; 0             ; 0             ; 0            ; 0            ; 0             ; 0             ; 0            ; 0            ; 0            ; 0            ; 0           ; 0           ; 0            ; 1           ;
; state.fix3     ; 0              ; 0              ; 1          ; 0          ; 0          ; 0           ; 0           ; 0           ; 0           ; 0           ; 0              ; 0              ; 0              ; 0             ; 0             ; 0             ; 0             ; 0            ; 0            ; 0             ; 0             ; 0            ; 0            ; 0            ; 0            ; 0           ; 0           ; 0            ; 1           ;
; state.fixback1 ; 0              ; 1              ; 0          ; 0          ; 0          ; 0           ; 0           ; 0           ; 0           ; 0           ; 0              ; 0              ; 0              ; 0             ; 0             ; 0             ; 0             ; 0            ; 0            ; 0             ; 0             ; 0            ; 0            ; 0            ; 0            ; 0           ; 0           ; 0            ; 1           ;
; state.fixback2 ; 1              ; 0              ; 0          ; 0          ; 0          ; 0           ; 0           ; 0           ; 0           ; 0           ; 0              ; 0              ; 0              ; 0             ; 0             ; 0             ; 0             ; 0            ; 0            ; 0             ; 0             ; 0            ; 0            ; 0            ; 0            ; 0           ; 0           ; 0            ; 1           ;
+----------------+----------------+----------------+------------+------------+------------+-------------+-------------+-------------+-------------+-------------+----------------+----------------+----------------+---------------+---------------+---------------+---------------+--------------+--------------+---------------+---------------+--------------+--------------+--------------+--------------+-------------+-------------+--------------+-------------+


+------------------------------------------------------+
; General Register Statistics                          ;
+----------------------------------------------+-------+
; Statistic                                    ; Value ;
+----------------------------------------------+-------+
; Total registers                              ; 56    ;
; Number of registers using Synchronous Clear  ; 5     ;
; Number of registers using Synchronous Load   ; 0     ;
; Number of registers using Asynchronous Clear ; 18    ;
; Number of registers using Asynchronous Load  ; 0     ;
; Number of registers using Clock Enable       ; 0     ;
; Number of registers using Preset             ; 0     ;
+----------------------------------------------+-------+


+---------------------------------------------------------------------------------------------------------------------------------------------------------------+
; Multiplexer Restructuring Statistics (Restructuring Performed)                                                                                                ;
+--------------------+-----------+---------------+----------------------+------------------------+------------+-------------------------------------------------+
; Multiplexer Inputs ; Bus Width ; Baseline Area ; Area if Restructured ; Saving if Restructured ; Registered ; Example Multiplexer Output                      ;
+--------------------+-----------+---------------+----------------------+------------------------+------------+-------------------------------------------------+
; 5:1                ; 3 bits    ; 9 LEs         ; 3 LEs                ; 6 LEs                  ; No         ; |top_de1|memory_cntrll:inst3|readwrite:rw|state ;
; 5:1                ; 2 bits    ; 6 LEs         ; 2 LEs                ; 4 LEs                  ; No         ; |top_de1|memory_cntrll:inst3|readwrite:rw|state ;
+--------------------+-----------+---------------+----------------------+------------------------+------------+-------------------------------------------------+


+-------------------------------+
; Elapsed Time Per Partition    ;
+----------------+--------------+
; Partition Name ; Elapsed Time ;
+----------------+--------------+
; Top            ; 00:00:01     ;
+----------------+--------------+


+-------------------------------+
; Analysis & Synthesis Messages ;
+-------------------------------+
Info: *******************************************************************
Info: Running Quartus II 64-Bit Analysis & Synthesis
    Info: Version 13.0.1 Build 232 06/12/2013 Service Pack 1 SJ Full Version
    Info: Processing started: Tue Nov 30 11:25:38 2021
Info: Command: quartus_map --read_settings_files=on --write_settings_files=off de1 -c top_de1
Info (20030): Parallel compilation is enabled and will use 6 of the 6 processors detected
Info (12021): Found 1 design units, including 0 entities, in source file /home/mlmjanssen/Documents/Memory/VHDL/counter8b-behaviour.vhd
    Info (12022): Found design unit 1: counter8b-behaviour
Info (12021): Found 1 design units, including 0 entities, in source file /home/mlmjanssen/Documents/Memory/VHDL/counter5b-behaviour.vhd
    Info (12022): Found design unit 1: counter5b-behaviour
Info (12021): Found 1 design units, including 1 entities, in source file /home/mlmjanssen/Documents/Memory/VHDL/readwrite.vhd
    Info (12023): Found entity 1: readwrite
Info (12021): Found 1 design units, including 0 entities, in source file /home/mlmjanssen/Documents/Memory/VHDL/readwrite-behaviour.vhd
    Info (12022): Found design unit 1: readwrite-behaviour
Info (12021): Found 1 design units, including 1 entities, in source file /home/mlmjanssen/Documents/Memory/VHDL/memory_cntrll.vhd
    Info (12023): Found entity 1: memory_cntrll
Info (12021): Found 1 design units, including 0 entities, in source file /home/mlmjanssen/Documents/Memory/VHDL/memory_cntrll-behaviour.vhd
    Info (12022): Found design unit 1: memory_cntrll-behaviour
Info (12021): Found 1 design units, including 1 entities, in source file /home/mlmjanssen/Documents/Memory/VHDL/countextend.vhd
    Info (12023): Found entity 1: countextend
Info (12021): Found 1 design units, including 0 entities, in source file /home/mlmjanssen/Documents/Memory/VHDL/countextend-behaviour.vhd
    Info (12022): Found design unit 1: countextend-behaviour
Info (12021): Found 1 design units, including 1 entities, in source file /home/mlmjanssen/Documents/Memory/VHDL/counter8b.vhd
    Info (12023): Found entity 1: counter8b
Info (12021): Found 1 design units, including 1 entities, in source file /home/mlmjanssen/Documents/Memory/VHDL/counter5b.vhd
    Info (12023): Found entity 1: counter5b
Info (12021): Found 1 design units, including 1 entities, in source file top_de1.bdf
    Info (12023): Found entity 1: top_de1
Info (12021): Found 2 design units, including 1 entities, in source file pre_vga_dac_4.vhd
    Info (12022): Found design unit 1: pre_vga_dac_4-signal_flow
    Info (12023): Found entity 1: pre_vga_dac_4
Info (12021): Found 2 design units, including 1 entities, in source file gen25mhz.vhd
    Info (12022): Found design unit 1: gen25mhz-behaviour
    Info (12023): Found entity 1: gen25mhz
Info (12127): Elaborating entity "top_de1" for the top level hierarchy
Info (12128): Elaborating entity "memory_cntrll" for hierarchy "memory_cntrll:inst3"
Info (12128): Elaborating entity "readwrite" for hierarchy "memory_cntrll:inst3|readwrite:rw"
Warning (10492): VHDL Process Statement warning at readwrite-behaviour.vhd(70): signal "curX" is read inside the Process Statement but isn't in the Process Statement's sensitivity list
Warning (10492): VHDL Process Statement warning at readwrite-behaviour.vhd(71): signal "curY" is read inside the Process Statement but isn't in the Process Statement's sensitivity list
Warning (10492): VHDL Process Statement warning at readwrite-behaviour.vhd(72): signal "curW" is read inside the Process Statement but isn't in the Process Statement's sensitivity list
Warning (10492): VHDL Process Statement warning at readwrite-behaviour.vhd(78): signal "curW" is read inside the Process Statement but isn't in the Process Statement's sensitivity list
Warning (10492): VHDL Process Statement warning at readwrite-behaviour.vhd(85): signal "curY" is read inside the Process Statement but isn't in the Process Statement's sensitivity list
Warning (10492): VHDL Process Statement warning at readwrite-behaviour.vhd(86): signal "curW" is read inside the Process Statement but isn't in the Process Statement's sensitivity list
Warning (10492): VHDL Process Statement warning at readwrite-behaviour.vhd(92): signal "curW" is read inside the Process Statement but isn't in the Process Statement's sensitivity list
Warning (10492): VHDL Process Statement warning at readwrite-behaviour.vhd(100): signal "curX" is read inside the Process Statement but isn't in the Process Statement's sensitivity list
Warning (10492): VHDL Process Statement warning at readwrite-behaviour.vhd(101): signal "curY" is read inside the Process Statement but isn't in the Process Statement's sensitivity list
Warning (10492): VHDL Process Statement warning at readwrite-behaviour.vhd(107): signal "curY" is read inside the Process Statement but isn't in the Process Statement's sensitivity list
Info (12128): Elaborating entity "counter5b" for hierarchy "memory_cntrll:inst3|counter5b:cx"
Warning (10492): VHDL Process Statement warning at counter5b-behaviour.vhd(16): signal "lstcnt" is read inside the Process Statement but isn't in the Process Statement's sensitivity list
Info (12128): Elaborating entity "counter8b" for hierarchy "memory_cntrll:inst3|counter8b:cw"
Warning (10492): VHDL Process Statement warning at counter8b-behaviour.vhd(16): signal "lstcnt" is read inside the Process Statement but isn't in the Process Statement's sensitivity list
Info (12128): Elaborating entity "countextend" for hierarchy "memory_cntrll:inst3|countextend:cex"
Info (12128): Elaborating entity "gen25mhz" for hierarchy "gen25mhz:inst1"
Info (16010): Generating hard_block partition "hard_block:auto_generated_inst"
    Info (16011): Adding 0 node(s), including 0 DDIO, 0 PLL, 0 transceiver and 0 LCELL
Warning (21074): Design contains 2 input pin(s) that do not drive logic
    Warning (15610): No output dependent on input pin "clrIN"
    Warning (15610): No output dependent on input pin "clrMEM"
Info (21057): Implemented 147 device resources after synthesis - the final resource count might be different
    Info (21058): Implemented 35 input pins
    Info (21059): Implemented 25 output pins
    Info (21061): Implemented 87 logic cells
Info: Quartus II 64-Bit Analysis & Synthesis was successful. 0 errors, 15 warnings
    Info: Peak virtual memory: 655 megabytes
    Info: Processing ended: Tue Nov 30 11:25:51 2021
    Info: Elapsed time: 00:00:13
    Info: Total CPU time (on all processors): 00:00:03


